mode: set
github.com/wmeints/cartographer/controllers/experimenttracking_controller.go:5.101,7.2 1 1
github.com/wmeints/cartographer/controllers/workflow_controller.go:20.118,25.84 2 1
github.com/wmeints/cartographer/controllers/workflow_controller.go:29.2,29.81 1 1
github.com/wmeints/cartographer/controllers/workflow_controller.go:33.2,33.74 1 1
github.com/wmeints/cartographer/controllers/workflow_controller.go:37.2,37.12 1 1
github.com/wmeints/cartographer/controllers/workflow_controller.go:25.84,27.3 1 0
github.com/wmeints/cartographer/controllers/workflow_controller.go:29.81,31.3 1 0
github.com/wmeints/cartographer/controllers/workflow_controller.go:33.74,35.3 1 0
github.com/wmeints/cartographer/controllers/workflow_controller.go:40.148,46.31 4 1
github.com/wmeints/cartographer/controllers/workflow_controller.go:50.2,54.128 3 1
github.com/wmeints/cartographer/controllers/workflow_controller.go:174.2,174.12 1 0
github.com/wmeints/cartographer/controllers/workflow_controller.go:46.31,48.3 1 1
github.com/wmeints/cartographer/controllers/workflow_controller.go:54.128,55.29 1 1
github.com/wmeints/cartographer/controllers/workflow_controller.go:162.3,165.51 3 0
github.com/wmeints/cartographer/controllers/workflow_controller.go:170.3,171.13 2 0
github.com/wmeints/cartographer/controllers/workflow_controller.go:55.29,149.87 2 1
github.com/wmeints/cartographer/controllers/workflow_controller.go:154.4,154.52 1 1
github.com/wmeints/cartographer/controllers/workflow_controller.go:159.4,159.14 1 1
github.com/wmeints/cartographer/controllers/workflow_controller.go:149.87,152.5 2 0
github.com/wmeints/cartographer/controllers/workflow_controller.go:154.52,157.5 2 0
github.com/wmeints/cartographer/controllers/workflow_controller.go:165.51,168.4 2 0
github.com/wmeints/cartographer/controllers/workflow_controller.go:177.145,183.122 4 1
github.com/wmeints/cartographer/controllers/workflow_controller.go:222.2,222.12 1 0
github.com/wmeints/cartographer/controllers/workflow_controller.go:183.122,184.29 1 1
github.com/wmeints/cartographer/controllers/workflow_controller.go:218.3,219.13 2 0
github.com/wmeints/cartographer/controllers/workflow_controller.go:184.29,205.84 2 1
github.com/wmeints/cartographer/controllers/workflow_controller.go:210.4,210.49 1 1
github.com/wmeints/cartographer/controllers/workflow_controller.go:215.4,215.14 1 1
github.com/wmeints/cartographer/controllers/workflow_controller.go:205.84,208.5 2 0
github.com/wmeints/cartographer/controllers/workflow_controller.go:210.49,213.5 2 0
github.com/wmeints/cartographer/controllers/workflow_controller.go:225.138,227.64 1 1
github.com/wmeints/cartographer/controllers/workflow_controller.go:328.2,328.12 1 0
github.com/wmeints/cartographer/controllers/workflow_controller.go:227.64,237.33 4 1
github.com/wmeints/cartographer/controllers/workflow_controller.go:241.3,243.131 2 1
github.com/wmeints/cartographer/controllers/workflow_controller.go:237.33,239.4 1 1
github.com/wmeints/cartographer/controllers/workflow_controller.go:243.131,244.30 1 1
github.com/wmeints/cartographer/controllers/workflow_controller.go:302.4,304.61 2 0
github.com/wmeints/cartographer/controllers/workflow_controller.go:309.4,309.81 1 0
github.com/wmeints/cartographer/controllers/workflow_controller.go:314.4,314.26 1 0
github.com/wmeints/cartographer/controllers/workflow_controller.go:323.4,324.14 2 0
github.com/wmeints/cartographer/controllers/workflow_controller.go:244.30,289.89 2 1
github.com/wmeints/cartographer/controllers/workflow_controller.go:294.5,294.54 1 1
github.com/wmeints/cartographer/controllers/workflow_controller.go:299.5,299.15 1 1
github.com/wmeints/cartographer/controllers/workflow_controller.go:289.89,292.6 2 0
github.com/wmeints/cartographer/controllers/workflow_controller.go:294.54,297.6 2 0
github.com/wmeints/cartographer/controllers/workflow_controller.go:304.61,307.5 2 0
github.com/wmeints/cartographer/controllers/workflow_controller.go:309.81,312.5 2 0
github.com/wmeints/cartographer/controllers/workflow_controller.go:314.26,315.54 1 0
github.com/wmeints/cartographer/controllers/workflow_controller.go:320.5,320.15 1 0
github.com/wmeints/cartographer/controllers/workflow_controller.go:315.54,318.6 2 0
github.com/wmeints/cartographer/controllers/workflow_controller.go:331.82,336.2 1 1
github.com/wmeints/cartographer/controllers/workflow_controller.go:338.82,343.2 1 1
github.com/wmeints/cartographer/controllers/workspace_controller.go:48.101,53.66 3 1
github.com/wmeints/cartographer/controllers/workspace_controller.go:61.2,61.65 1 1
github.com/wmeints/cartographer/controllers/workspace_controller.go:65.2,65.66 1 1
github.com/wmeints/cartographer/controllers/workspace_controller.go:69.2,69.27 1 1
github.com/wmeints/cartographer/controllers/workspace_controller.go:53.66,59.3 2 0
github.com/wmeints/cartographer/controllers/workspace_controller.go:61.65,63.3 1 0
github.com/wmeints/cartographer/controllers/workspace_controller.go:65.66,67.3 1 0
github.com/wmeints/cartographer/controllers/workspace_controller.go:73.72,77.2 1 1
