mode: set
github.com/wmeints/cartographer/api/v1alpha1/workspace_types.go:119.13,121.2 1 1
github.com/wmeints/cartographer/api/v1alpha1/workspace_webhook.go:31.69,35.2 1 0
github.com/wmeints/cartographer/api/v1alpha1/workspace_webhook.go:42.31,47.2 3 0
github.com/wmeints/cartographer/api/v1alpha1/workspace_webhook.go:49.41,50.45 1 0
github.com/wmeints/cartographer/api/v1alpha1/workspace_webhook.go:54.2,54.60 1 0
github.com/wmeints/cartographer/api/v1alpha1/workspace_webhook.go:61.2,61.62 1 0
github.com/wmeints/cartographer/api/v1alpha1/workspace_webhook.go:68.2,68.49 1 0
github.com/wmeints/cartographer/api/v1alpha1/workspace_webhook.go:72.2,72.56 1 0
github.com/wmeints/cartographer/api/v1alpha1/workspace_webhook.go:50.45,52.3 1 0
github.com/wmeints/cartographer/api/v1alpha1/workspace_webhook.go:54.60,59.3 1 0
github.com/wmeints/cartographer/api/v1alpha1/workspace_webhook.go:61.62,66.3 1 0
github.com/wmeints/cartographer/api/v1alpha1/workspace_webhook.go:68.49,70.3 1 0
github.com/wmeints/cartographer/api/v1alpha1/workspace_webhook.go:72.56,73.32 1 0
github.com/wmeints/cartographer/api/v1alpha1/workspace_webhook.go:77.3,77.47 1 0
github.com/wmeints/cartographer/api/v1alpha1/workspace_webhook.go:84.3,84.49 1 0
github.com/wmeints/cartographer/api/v1alpha1/workspace_webhook.go:91.3,91.36 1 0
github.com/wmeints/cartographer/api/v1alpha1/workspace_webhook.go:73.32,75.4 1 0
github.com/wmeints/cartographer/api/v1alpha1/workspace_webhook.go:77.47,82.4 1 0
github.com/wmeints/cartographer/api/v1alpha1/workspace_webhook.go:84.49,89.4 1 0
github.com/wmeints/cartographer/api/v1alpha1/workspace_webhook.go:91.36,93.4 1 0
github.com/wmeints/cartographer/api/v1alpha1/workspace_webhook.go:97.50,98.43 1 0
github.com/wmeints/cartographer/api/v1alpha1/workspace_webhook.go:102.2,102.47 1 0
github.com/wmeints/cartographer/api/v1alpha1/workspace_webhook.go:106.2,106.58 1 0
github.com/wmeints/cartographer/api/v1alpha1/workspace_webhook.go:113.2,113.60 1 0
github.com/wmeints/cartographer/api/v1alpha1/workspace_webhook.go:98.43,100.3 1 0
github.com/wmeints/cartographer/api/v1alpha1/workspace_webhook.go:102.47,104.3 1 0
github.com/wmeints/cartographer/api/v1alpha1/workspace_webhook.go:106.58,111.3 1 0
github.com/wmeints/cartographer/api/v1alpha1/workspace_webhook.go:113.60,118.3 1 0
github.com/wmeints/cartographer/api/v1alpha1/zz_generated.deepcopy.go:29.95,31.24 2 0
github.com/wmeints/cartographer/api/v1alpha1/zz_generated.deepcopy.go:36.2,36.43 1 0
github.com/wmeints/cartographer/api/v1alpha1/zz_generated.deepcopy.go:31.24,35.3 3 0
github.com/wmeints/cartographer/api/v1alpha1/zz_generated.deepcopy.go:40.88,41.15 1 0
github.com/wmeints/cartographer/api/v1alpha1/zz_generated.deepcopy.go:44.2,46.12 3 0
github.com/wmeints/cartographer/api/v1alpha1/zz_generated.deepcopy.go:41.15,43.3 1 0
github.com/wmeints/cartographer/api/v1alpha1/zz_generated.deepcopy.go:50.75,52.24 2 0
github.com/wmeints/cartographer/api/v1alpha1/zz_generated.deepcopy.go:57.2,57.43 1 0
github.com/wmeints/cartographer/api/v1alpha1/zz_generated.deepcopy.go:52.24,56.3 3 0
github.com/wmeints/cartographer/api/v1alpha1/zz_generated.deepcopy.go:61.68,62.15 1 0
github.com/wmeints/cartographer/api/v1alpha1/zz_generated.deepcopy.go:65.2,67.12 3 0
github.com/wmeints/cartographer/api/v1alpha1/zz_generated.deepcopy.go:62.15,64.3 1 0
github.com/wmeints/cartographer/api/v1alpha1/zz_generated.deepcopy.go:71.75,74.22 3 0
github.com/wmeints/cartographer/api/v1alpha1/zz_generated.deepcopy.go:74.22,77.22 3 0
github.com/wmeints/cartographer/api/v1alpha1/zz_generated.deepcopy.go:77.22,79.4 1 0
github.com/wmeints/cartographer/api/v1alpha1/zz_generated.deepcopy.go:84.68,85.15 1 0
github.com/wmeints/cartographer/api/v1alpha1/zz_generated.deepcopy.go:88.2,90.12 3 0
github.com/wmeints/cartographer/api/v1alpha1/zz_generated.deepcopy.go:85.15,87.3 1 0
github.com/wmeints/cartographer/api/v1alpha1/zz_generated.deepcopy.go:94.77,96.24 2 0
github.com/wmeints/cartographer/api/v1alpha1/zz_generated.deepcopy.go:101.2,101.43 1 0
github.com/wmeints/cartographer/api/v1alpha1/zz_generated.deepcopy.go:96.24,100.3 3 0
github.com/wmeints/cartographer/api/v1alpha1/zz_generated.deepcopy.go:105.70,106.15 1 0
github.com/wmeints/cartographer/api/v1alpha1/zz_generated.deepcopy.go:109.2,111.12 3 0
github.com/wmeints/cartographer/api/v1alpha1/zz_generated.deepcopy.go:106.15,108.3 1 0
github.com/wmeints/cartographer/api/v1alpha1/zz_generated.deepcopy.go:115.51,121.2 5 0
github.com/wmeints/cartographer/api/v1alpha1/zz_generated.deepcopy.go:124.44,125.15 1 0
github.com/wmeints/cartographer/api/v1alpha1/zz_generated.deepcopy.go:128.2,130.12 3 0
github.com/wmeints/cartographer/api/v1alpha1/zz_generated.deepcopy.go:125.15,127.3 1 0
github.com/wmeints/cartographer/api/v1alpha1/zz_generated.deepcopy.go:134.54,135.34 1 0
github.com/wmeints/cartographer/api/v1alpha1/zz_generated.deepcopy.go:138.2,138.12 1 0
github.com/wmeints/cartographer/api/v1alpha1/zz_generated.deepcopy.go:135.34,137.3 1 0
github.com/wmeints/cartographer/api/v1alpha1/zz_generated.deepcopy.go:142.59,146.21 4 0
github.com/wmeints/cartographer/api/v1alpha1/zz_generated.deepcopy.go:146.21,149.22 3 0
github.com/wmeints/cartographer/api/v1alpha1/zz_generated.deepcopy.go:149.22,151.4 1 0
github.com/wmeints/cartographer/api/v1alpha1/zz_generated.deepcopy.go:156.52,157.15 1 0
github.com/wmeints/cartographer/api/v1alpha1/zz_generated.deepcopy.go:160.2,162.12 3 0
github.com/wmeints/cartographer/api/v1alpha1/zz_generated.deepcopy.go:157.15,159.3 1 0
github.com/wmeints/cartographer/api/v1alpha1/zz_generated.deepcopy.go:166.58,167.34 1 0
github.com/wmeints/cartographer/api/v1alpha1/zz_generated.deepcopy.go:170.2,170.12 1 0
github.com/wmeints/cartographer/api/v1alpha1/zz_generated.deepcopy.go:167.34,169.3 1 0
github.com/wmeints/cartographer/api/v1alpha1/zz_generated.deepcopy.go:174.59,178.2 3 0
github.com/wmeints/cartographer/api/v1alpha1/zz_generated.deepcopy.go:181.52,182.15 1 0
github.com/wmeints/cartographer/api/v1alpha1/zz_generated.deepcopy.go:185.2,187.12 3 0
github.com/wmeints/cartographer/api/v1alpha1/zz_generated.deepcopy.go:182.15,184.3 1 0
github.com/wmeints/cartographer/api/v1alpha1/zz_generated.deepcopy.go:191.63,193.2 1 0
github.com/wmeints/cartographer/api/v1alpha1/zz_generated.deepcopy.go:196.56,197.15 1 0
github.com/wmeints/cartographer/api/v1alpha1/zz_generated.deepcopy.go:200.2,202.12 3 0
github.com/wmeints/cartographer/api/v1alpha1/zz_generated.deepcopy.go:197.15,199.3 1 0
github.com/wmeints/cartographer/controllers/utils.go:8.74,55.2 1 1
github.com/wmeints/cartographer/controllers/utils.go:57.101,62.2 1 1
github.com/wmeints/cartographer/controllers/workflows.go:19.118,24.84 2 1
github.com/wmeints/cartographer/controllers/workflows.go:28.2,28.81 1 1
github.com/wmeints/cartographer/controllers/workflows.go:32.2,32.74 1 1
github.com/wmeints/cartographer/controllers/workflows.go:36.2,36.12 1 1
github.com/wmeints/cartographer/controllers/workflows.go:24.84,26.3 1 0
github.com/wmeints/cartographer/controllers/workflows.go:28.81,30.3 1 0
github.com/wmeints/cartographer/controllers/workflows.go:32.74,34.3 1 0
github.com/wmeints/cartographer/controllers/workflows.go:39.148,45.31 4 1
github.com/wmeints/cartographer/controllers/workflows.go:49.2,53.128 3 1
github.com/wmeints/cartographer/controllers/workflows.go:129.2,129.12 1 0
github.com/wmeints/cartographer/controllers/workflows.go:45.31,47.3 1 0
github.com/wmeints/cartographer/controllers/workflows.go:53.128,54.29 1 1
github.com/wmeints/cartographer/controllers/workflows.go:117.3,120.51 3 0
github.com/wmeints/cartographer/controllers/workflows.go:125.3,126.13 2 0
github.com/wmeints/cartographer/controllers/workflows.go:54.29,104.87 2 1
github.com/wmeints/cartographer/controllers/workflows.go:109.4,109.52 1 1
github.com/wmeints/cartographer/controllers/workflows.go:114.4,114.14 1 1
github.com/wmeints/cartographer/controllers/workflows.go:104.87,107.5 2 0
github.com/wmeints/cartographer/controllers/workflows.go:109.52,112.5 2 0
github.com/wmeints/cartographer/controllers/workflows.go:120.51,123.4 2 0
github.com/wmeints/cartographer/controllers/workflows.go:132.145,138.122 4 1
github.com/wmeints/cartographer/controllers/workflows.go:177.2,177.12 1 0
github.com/wmeints/cartographer/controllers/workflows.go:138.122,139.29 1 1
github.com/wmeints/cartographer/controllers/workflows.go:173.3,174.13 2 0
github.com/wmeints/cartographer/controllers/workflows.go:139.29,160.84 2 1
github.com/wmeints/cartographer/controllers/workflows.go:165.4,165.49 1 1
github.com/wmeints/cartographer/controllers/workflows.go:170.4,170.14 1 1
github.com/wmeints/cartographer/controllers/workflows.go:160.84,163.5 2 0
github.com/wmeints/cartographer/controllers/workflows.go:165.49,168.5 2 0
github.com/wmeints/cartographer/controllers/workflows.go:180.138,181.64 1 1
github.com/wmeints/cartographer/controllers/workflows.go:279.2,279.12 1 0
github.com/wmeints/cartographer/controllers/workflows.go:181.64,188.33 5 1
github.com/wmeints/cartographer/controllers/workflows.go:192.3,194.131 2 1
github.com/wmeints/cartographer/controllers/workflows.go:188.33,190.4 1 1
github.com/wmeints/cartographer/controllers/workflows.go:194.131,195.30 1 1
github.com/wmeints/cartographer/controllers/workflows.go:253.4,255.61 2 0
github.com/wmeints/cartographer/controllers/workflows.go:260.4,260.81 1 0
github.com/wmeints/cartographer/controllers/workflows.go:265.4,265.26 1 0
github.com/wmeints/cartographer/controllers/workflows.go:274.4,275.14 2 0
github.com/wmeints/cartographer/controllers/workflows.go:195.30,240.89 2 1
github.com/wmeints/cartographer/controllers/workflows.go:245.5,245.54 1 1
github.com/wmeints/cartographer/controllers/workflows.go:250.5,250.15 1 1
github.com/wmeints/cartographer/controllers/workflows.go:240.89,243.6 2 0
github.com/wmeints/cartographer/controllers/workflows.go:245.54,248.6 2 0
github.com/wmeints/cartographer/controllers/workflows.go:255.61,258.5 2 0
github.com/wmeints/cartographer/controllers/workflows.go:260.81,263.5 2 0
github.com/wmeints/cartographer/controllers/workflows.go:265.26,266.54 1 0
github.com/wmeints/cartographer/controllers/workflows.go:271.5,271.15 1 0
github.com/wmeints/cartographer/controllers/workflows.go:266.54,269.6 2 0
github.com/wmeints/cartographer/controllers/controller.go:48.101,53.66 3 1
github.com/wmeints/cartographer/controllers/controller.go:61.2,61.70 1 1
github.com/wmeints/cartographer/controllers/controller.go:65.2,65.66 1 1
github.com/wmeints/cartographer/controllers/controller.go:69.2,69.27 1 1
github.com/wmeints/cartographer/controllers/controller.go:53.66,59.3 2 0
github.com/wmeints/cartographer/controllers/controller.go:61.70,63.3 1 0
github.com/wmeints/cartographer/controllers/controller.go:65.66,67.3 1 0
github.com/wmeints/cartographer/controllers/controller.go:73.72,77.2 1 1
github.com/wmeints/cartographer/controllers/experimenttracking.go:19.122,20.80 1 1
github.com/wmeints/cartographer/controllers/experimenttracking.go:24.2,24.77 1 1
github.com/wmeints/cartographer/controllers/experimenttracking.go:28.2,28.12 1 1
github.com/wmeints/cartographer/controllers/experimenttracking.go:20.80,22.3 1 0
github.com/wmeints/cartographer/controllers/experimenttracking.go:24.77,26.3 1 0
github.com/wmeints/cartographer/controllers/experimenttracking.go:31.132,39.128 5 1
github.com/wmeints/cartographer/controllers/experimenttracking.go:124.2,124.12 1 0
github.com/wmeints/cartographer/controllers/experimenttracking.go:39.128,40.29 1 1
github.com/wmeints/cartographer/controllers/experimenttracking.go:91.3,93.49 2 0
github.com/wmeints/cartographer/controllers/experimenttracking.go:98.3,98.55 1 0
github.com/wmeints/cartographer/controllers/experimenttracking.go:103.3,103.55 1 0
github.com/wmeints/cartographer/controllers/experimenttracking.go:108.3,108.57 1 0
github.com/wmeints/cartographer/controllers/experimenttracking.go:113.3,113.24 1 0
github.com/wmeints/cartographer/controllers/experimenttracking.go:120.3,121.13 2 0
github.com/wmeints/cartographer/controllers/experimenttracking.go:40.29,78.87 3 1
github.com/wmeints/cartographer/controllers/experimenttracking.go:83.4,83.52 1 1
github.com/wmeints/cartographer/controllers/experimenttracking.go:88.4,88.14 1 1
github.com/wmeints/cartographer/controllers/experimenttracking.go:78.87,81.5 2 0
github.com/wmeints/cartographer/controllers/experimenttracking.go:83.52,86.5 2 0
github.com/wmeints/cartographer/controllers/experimenttracking.go:93.49,96.4 2 0
github.com/wmeints/cartographer/controllers/experimenttracking.go:98.55,101.4 2 0
github.com/wmeints/cartographer/controllers/experimenttracking.go:103.55,106.4 2 0
github.com/wmeints/cartographer/controllers/experimenttracking.go:108.57,111.4 2 0
github.com/wmeints/cartographer/controllers/experimenttracking.go:113.24,114.52 1 0
github.com/wmeints/cartographer/controllers/experimenttracking.go:114.52,117.5 2 0
github.com/wmeints/cartographer/controllers/experimenttracking.go:127.129,133.122 4 1
github.com/wmeints/cartographer/controllers/experimenttracking.go:160.2,160.12 1 0
github.com/wmeints/cartographer/controllers/experimenttracking.go:133.122,134.29 1 1
github.com/wmeints/cartographer/controllers/experimenttracking.go:157.3,157.13 1 0
github.com/wmeints/cartographer/controllers/experimenttracking.go:134.29,155.4 2 1
github.com/wmeints/cartographer/controllers/experimenttracking.go:163.98,165.2 1 0
github.com/wmeints/cartographer/controllers/experimenttracking.go:167.104,169.2 1 0
github.com/wmeints/cartographer/controllers/experimenttracking.go:171.104,173.2 1 0
github.com/wmeints/cartographer/controllers/experimenttracking.go:175.106,177.2 1 0
